*********************************************************************************************************start
By CRYINGCAT
2022年10月27日  23:19:9

操作系统:  Windows 11  (10.0.22000) 64bit
系统内存大小:  12161
设备模型:  81LC (LENOVO)
设备唯一标识符:  6a8f532e9bddb06ace3148b5a1151202758ce6bc
处理器数量:  12
处理器类型:  Intel(R) Core(TM) i7-8750H CPU @ 2.20GHz
显卡标识符:  7200
显卡名称:  NVIDIA GeForce GTX 1060
显卡标识符:  4318
显卡厂商:  NVIDIA
显卡版本:  Direct3D 11.0 [level 11.1]
显存大小:  6052
显卡着色器级别:  50
是否支持内置阴影:  True
*********************************************************************************************************end
LogInfo:

[UNIT FRAMEWORK LOG] 23:19:09 [DEBUG]: Frame Module Registering ...
[UNIT FRAMEWORK LOG] 23:19:09 [DEBUG]: Type: UnitFramework.Runtime.ContainerModule cant be proxied,target type does not have UnitFramework.Runtime.ProxyableAttribute attributes attached !
[UNIT FRAMEWORK LOG] 23:19:09 [DEBUG]: Type: UnitFramework.Runtime.EventModule cant be proxied,target type does not have UnitFramework.Runtime.ProxyableAttribute attributes attached !
[UNIT FRAMEWORK LOG] 23:19:09 [DEBUG]: Type: UnitFramework.Runtime.ModelModule cant be proxied,target type does not have UnitFramework.Runtime.ProxyableAttribute attributes attached !
[UNIT FRAMEWORK LOG] 23:19:09 [DEBUG]: Type: UnitFramework.Runtime.UnitModule cant be proxied,target type does not have UnitFramework.Runtime.ProxyableAttribute attributes attached !
[UNIT FRAMEWORK LOG] 23:19:09 [DEBUG]: Module Register...UnitFramework.Runtime.ContainerModule
[UNIT FRAMEWORK LOG] 23:19:09 [DEBUG]: [Helper Register ....] UnitFramework.Runtime.DebuggerManager
[UNIT FRAMEWORK LOG] 23:19:09 [DEBUG]: [Helper Register ....] UnitFramework.Runtime.TxtLogWriteHelper
[UNIT FRAMEWORK LOG] 23:19:09 [DEBUG]: [Helper Register ....] UnitFramework.Runtime.UnityLogPrintHelper
[UNIT FRAMEWORK LOG] 23:19:09 [DEBUG]: [Helper Register ....] UnitFramework.Runtime.SettingManager
[UNIT FRAMEWORK LOG] 23:19:09 [DEBUG]: Module Register...UnitFramework.Runtime.EventModule
[UNIT FRAMEWORK LOG] 23:19:09 [DEBUG]: Module Register...UnitFramework.Runtime.ModelModule
[UNIT FRAMEWORK LOG] 23:19:09 [DEBUG]: Module Register...UnitFramework.Runtime.UnitModule
[UNIT FRAMEWORK LOG] 23:19:09 [DEBUG]: Frame Starting...
[UNIT FRAMEWORK LOG] 23:19:09 [DEBUG]: [Helper Register ....] UnitFramework.Runtime.ObjectPoolComponent
[UNIT FRAMEWORK LOG] 23:19:09 [DEBUG]: [Helper Register ....] UnitFramework.Runtime.WebRequestComponent
[UNIT FRAMEWORK LOG] 23:19:09 [DEBUG]: [Helper Register ....] UnitFramework.Runtime.ArchiveSystem
[UNIT FRAMEWORK LOG] 23:19:09 [DEBUG]: [Helper Register ....] UnitFramework.Runtime.ProcedureComponent
[UNIT FRAMEWORK LOG] 23:19:09 [DEBUG]: [Helper Register ....] UnitFramework.Runtime.SettingComponent
[UNIT FRAMEWORK LOG] 23:19:09 [DEBUG]: [Helper Register ....] UnitFramework.Runtime.UIComponent
[UNIT FRAMEWORK LOG] 23:19:09 [DEBUG]: [Helper Register ....] UnitFramework.Runtime.InputComponent
[UNIT FRAMEWORK LOG] 23:19:09 [DEBUG]: [Helper Register ....] UnitFramework.Runtime.AudioComponent
[UNIT FRAMEWORK LOG] 23:19:09 [DEBUG]: [Helper Register ....] UnitFramework.Runtime.SceneComponent
[UNIT FRAMEWORK LOG] 23:19:09 [DEBUG]: [Helper Register ....] UnitFramework.Runtime.ResourcesLoadMgr
[UNIT FRAMEWORK LOG] 23:19:09 [DEBUG]: [Helper Register ....] UnitFramework.Runtime.EditorAssetLoadMgr
[UNIT FRAMEWORK LOG] 23:19:09 [DEBUG]: [Helper Register ....] UnitFramework.Runtime.AssetsDownloadMgr
[UNIT FRAMEWORK LOG] 23:19:09 [DEBUG]: [Helper Register ....] UnitFramework.Runtime.AssetBundleLoadMgr
[UNIT FRAMEWORK LOG] 23:19:09 [DEBUG]: [Helper Register ....] AssetsLoadMgr
[UNIT FRAMEWORK LOG] 23:19:09 [DEBUG]: [Helper Register ....] UnitFramework.Runtime.TxtTableLoader
[UNIT FRAMEWORK LOG] 23:19:09 [DEBUG]: [Helper Register ....] UnitFramework.Runtime.ExcelLoader
[UNIT FRAMEWORK LOG] 23:19:09 [DEBUG]: [Helper Register ....] JsonLoader
[UNIT FRAMEWORK LOG] 23:19:09 [DEBUG]: [Helper Register ....] UnitFramework.Runtime.FileComponent
[UNIT FRAMEWORK LOG] 23:19:09 [DEBUG]: [Helper Register ....] UnitFramework.Runtime.Log
[UNIT FRAMEWORK LOG] 23:19:09 [DEBUG]: [Helper Register ....] UnitFramework.Runtime.DebuggerComponent
[UNIT FRAMEWORK LOG] 23:19:09 [INFO]: [ObjectPool]添加修改器成功,nameGameObjectModifier
[UNIT FRAMEWORK LOG] 23:19:09 [INFO]: [ObjectPool]添加修改器成功,nameRigidbodyModifier
[UNIT FRAMEWORK LOG] 23:19:09 [INFO]: [ObjectPool]添加修改器成功,nameTrailRenderModifier
[UNIT FRAMEWORK LOG] 23:19:09 [DEBUG]: [Procedure Register] GameLaunch
[UNIT FRAMEWORK LOG] 23:19:09 [DEBUG]: Load Setting Success
[UNIT FRAMEWORK LOG] 23:19:09 [ERROR]: Asset Bundle Mainfest not found, path E:/study/unity/GI/Assets/StreamingAssets/WindowsABAssets/WindowsABAssets
[UNIT FRAMEWORK LOG]  [DEBUG]: target procedure  GameLaunch first enter
[UNIT FRAMEWORK LOG]  [DEBUG]: target procedure  GameLaunch enter
[UNIT FRAMEWORK LOG]  [INFO]: Load
[UNIT FRAMEWORK LOG]  [DEBUG]: zhangjian sb
[UNIT FRAMEWORK LOG]  [DEBUG]: zhangjian sb
[UNIT FRAMEWORK LOG]  [DEBUG]: zhangjian sb
[UNIT FRAMEWORK LOG]  [DEBUG]: zhangjian sb
[UNIT FRAMEWORK LOG]  [DEBUG]: zhangjian sb
[UNIT FRAMEWORK LOG]  [DEBUG]: zhangjian sb
[UNIT FRAMEWORK LOG]  [DEBUG]: zhangjian sb
[UNIT FRAMEWORK LOG]  [DEBUG]: zhangjian sb
[UNIT FRAMEWORK LOG]  [DEBUG]: zhangjian sb
[UNIT FRAMEWORK LOG]  [DEBUG]: zhangjian sb
[UNIT FRAMEWORK LOG]  [DEBUG]: zhangjian sb
[UNIT FRAMEWORK LOG]  [DEBUG]: zhangjian sb
[UNIT FRAMEWORK LOG]  [DEBUG]: zhangjian sb
[UNIT FRAMEWORK LOG]  [DEBUG]: zhangjian sb
[UNIT FRAMEWORK LOG]  [DEBUG]: Frame Quiting...
